<?xml version="1.0" encoding="UTF-8"?>
<testng-results ignored="0" total="5" passed="5" failed="0" skipped="0">
  <reporter-output>
  </reporter-output>
  <suite started-at="2023-10-11T12:14:05 IST" name="Default suite" finished-at="2023-10-11T12:14:17 IST" duration-ms="12011">
    <groups>
    </groups>
    <test started-at="2023-10-11T12:14:05 IST" name="Default test" finished-at="2023-10-11T12:14:17 IST" duration-ms="12011">
      <class name="RestAssuredCrudOper_Mock.crudOperation">
        <test-method signature="post()[pri:0, instance:RestAssuredCrudOper_Mock.crudOperation@7c541c15]" started-at="2023-10-11T12:14:06 IST" name="post" finished-at="2023-10-11T12:14:13 IST" duration-ms="7496" status="PASS">
          <reporter-output>
          </reporter-output>
        </test-method> <!-- post -->
        <test-method signature="get()[pri:1, instance:RestAssuredCrudOper_Mock.crudOperation@7c541c15]" started-at="2023-10-11T12:14:13 IST" name="get" finished-at="2023-10-11T12:14:14 IST" duration-ms="1119" status="PASS">
          <reporter-output>
          </reporter-output>
        </test-method> <!-- get -->
        <test-method signature="put()[pri:2, instance:RestAssuredCrudOper_Mock.crudOperation@7c541c15]" started-at="2023-10-11T12:14:14 IST" name="put" finished-at="2023-10-11T12:14:16 IST" duration-ms="1591" status="PASS">
          <reporter-output>
          </reporter-output>
        </test-method> <!-- put -->
        <test-method signature="delete()[pri:3, instance:RestAssuredCrudOper_Mock.crudOperation@7c541c15]" started-at="2023-10-11T12:14:16 IST" name="delete" finished-at="2023-10-11T12:14:17 IST" duration-ms="814" status="PASS">
          <reporter-output>
          </reporter-output>
        </test-method> <!-- delete -->
        <test-method signature="get1()[pri:4, instance:RestAssuredCrudOper_Mock.crudOperation@7c541c15]" started-at="2023-10-11T12:14:17 IST" name="get1" finished-at="2023-10-11T12:14:17 IST" duration-ms="552" status="PASS">
          <reporter-output>
          </reporter-output>
        </test-method> <!-- get1 -->
      </class> <!-- RestAssuredCrudOper_Mock.crudOperation -->
    </test> <!-- Default test -->
  </suite> <!-- Default suite -->
</testng-results>
