<?xml version="1.0" encoding="UTF-8"?>
<!-- Generated by org.testng.reporters.JUnitXMLReporter -->
<testsuite ignored="0" hostname="DESKTOP-4HHL6AL" failures="0" tests="5" name="Default test" time="12.011" errors="0" timestamp="2023-10-11T12:14:17 IST">
  <testcase classname="RestAssuredCrudOper_Mock.crudOperation" name="post" time="7.496"/>
  <testcase classname="RestAssuredCrudOper_Mock.crudOperation" name="get" time="1.119"/>
  <testcase classname="RestAssuredCrudOper_Mock.crudOperation" name="put" time="1.591"/>
  <testcase classname="RestAssuredCrudOper_Mock.crudOperation" name="delete" time="0.814"/>
  <testcase classname="RestAssuredCrudOper_Mock.crudOperation" name="get1" time="0.552"/>
</testsuite> <!-- Default test -->
